<?xml version="1.0" encoding="UTF-8"?>
<!-- Generated by org.testng.reporters.JUnitXMLReporter -->
<testsuite hostname="DESKTOP-64JD4FC" ignored="0" name="Surefire test" tests="5" failures="1" timestamp="04 Mar 2023 15:20:20 GMT" time="77.185" errors="0">
  <testcase name="submitorder" time="7.915" classname="E_commerceTest.tests.Submit_Test"/>
  <testcase name="submitorder" time="7.668" classname="E_commerceTest.tests.Submit_Test"/>
  <testcase name="errorCheck" time="0.718" classname="E_commerceTest.tests.Error_ValidationTest">
    <failure type="java.lang.AssertionError" message="expected [Incorrect email or password.] but found [Incorrect email o password.]">
      <![CDATA[java.lang.AssertionError: expected [Incorrect email or password.] but found [Incorrect email o password.]
at E_commerceTest.tests.Error_ValidationTest.errorCheck(Error_ValidationTest.java:23)
... Removed 36 stack frames]]>
    </failure>
  </testcase> <!-- errorCheck -->
  <testcase name="product_Check" time="6.672" classname="E_commerceTest.tests.Error_ValidationTest"/>
  <testcase name="OrdersHistory" time="1.438" classname="E_commerceTest.tests.Submit_Test"/>
</testsuite> <!-- Surefire test -->
