<?xml version="1.0" encoding="UTF-8"?>
<!-- Generated by org.testng.reporters.JUnitXMLReporter -->
<testsuite ignored="1" hostname="DESKTOP-64JD4FC" failures="1" tests="1" name="Error_Validation" time="8.853" errors="0" timestamp="2023-02-23T15:37:04 IST">
  <testcase classname="E_commerceTest.tests.Error_ValidationTest" name="errorCheck" time="0.691">
    <failure type="java.lang.AssertionError" message="expected [Incorrect email or password.] but found [Incorrect email o password.]">
      <![CDATA[java.lang.AssertionError: expected [Incorrect email or password.] but found [Incorrect email o password.]
at E_commerceTest.tests.Error_ValidationTest.errorCheck(Error_ValidationTest.java:23)
at java.base/java.util.ArrayList.forEach(ArrayList.java:1511)
at java.base/java.util.concurrent.FutureTask.run(FutureTask.java:264)
at java.base/java.util.concurrent.ThreadPoolExecutor.runWorker(ThreadPoolExecutor.java:1136)
at java.base/java.util.concurrent.ThreadPoolExecutor$Worker.run(ThreadPoolExecutor.java:635)
at java.base/java.lang.Thread.run(Thread.java:833)
... Removed 24 stack frames]]>
    </failure>
  </testcase> <!-- errorCheck -->
  <testcase classname="E_commerceTest.tests.Error_ValidationTest" name="product_Check" time="0.0">
    <ignored/>
  </testcase> <!-- product_Check -->
</testsuite> <!-- Error_Validation -->
